{"/Users/v0s0316/ReactNativeProjects/Others/WordPuzzle/src/api/categoriesApi.ts": {"path":"/Users/v0s0316/ReactNativeProjects/Others/WordPuzzle/src/api/categoriesApi.ts","statementMap":{"0":{"start":{"line":3,"column":22},"end":{"line":3,"column":67}},"1":{"start":{"line":3,"column":28},"end":{"line":3,"column":67}}},"fnMap":{"0":{"name":"(anonymous_0)","decl":{"start":{"line":3,"column":22},"end":{"line":3,"column":23}},"loc":{"start":{"line":3,"column":28},"end":{"line":3,"column":67}},"line":3}},"branchMap":{},"s":{"0":1,"1":2},"f":{"0":2},"b":{},"_coverageSchema":"1a1c01bbd47fc00a2c39e90264f33305004495a9","hash":"e8ecf95ad9c7a908e5606ed91880228808f172f6"}
,"/Users/v0s0316/ReactNativeProjects/Others/WordPuzzle/src/components/AppText/index.tsx": {"path":"/Users/v0s0316/ReactNativeProjects/Others/WordPuzzle/src/components/AppText/index.tsx","statementMap":{"0":{"start":{"line":10,"column":16},"end":{"line":18,"column":1}},"1":{"start":{"line":11,"column":23},"end":{"line":11,"column":44}},"2":{"start":{"line":12,"column":2},"end":{"line":17,"column":4}}},"fnMap":{"0":{"name":"(anonymous_0)","decl":{"start":{"line":10,"column":16},"end":{"line":10,"column":17}},"loc":{"start":{"line":10,"column":60},"end":{"line":18,"column":1}},"line":10}},"branchMap":{"0":{"loc":{"start":{"line":14,"column":42},"end":{"line":14,"column":63}},"type":"binary-expr","locations":[{"start":{"line":14,"column":42},"end":{"line":14,"column":47}},{"start":{"line":14,"column":51},"end":{"line":14,"column":63}}],"line":14}},"s":{"0":8,"1":29,"2":29},"f":{"0":29},"b":{"0":[29,29]},"_coverageSchema":"1a1c01bbd47fc00a2c39e90264f33305004495a9","hash":"1c3e7189715e42bd3f2a5501083e9123fa914af3"}
,"/Users/v0s0316/ReactNativeProjects/Others/WordPuzzle/src/components/Box/index.tsx": {"path":"/Users/v0s0316/ReactNativeProjects/Others/WordPuzzle/src/components/Box/index.tsx","statementMap":{"0":{"start":{"line":10,"column":12},"end":{"line":24,"column":1}},"1":{"start":{"line":11,"column":38},"end":{"line":11,"column":62}},"2":{"start":{"line":12,"column":2},"end":{"line":23,"column":4}},"3":{"start":{"line":17,"column":8},"end":{"line":19,"column":9}},"4":{"start":{"line":18,"column":10},"end":{"line":18,"column":30}}},"fnMap":{"0":{"name":"(anonymous_0)","decl":{"start":{"line":10,"column":12},"end":{"line":10,"column":13}},"loc":{"start":{"line":10,"column":35},"end":{"line":24,"column":1}},"line":10},"1":{"name":"(anonymous_1)","decl":{"start":{"line":16,"column":15},"end":{"line":16,"column":16}},"loc":{"start":{"line":16,"column":21},"end":{"line":20,"column":7}},"line":16}},"branchMap":{"0":{"loc":{"start":{"line":15,"column":26},"end":{"line":15,"column":58}},"type":"binary-expr","locations":[{"start":{"line":15,"column":26},"end":{"line":15,"column":36}},{"start":{"line":15,"column":40},"end":{"line":15,"column":58}}],"line":15},"1":{"loc":{"start":{"line":17,"column":8},"end":{"line":19,"column":9}},"type":"if","locations":[{"start":{"line":17,"column":8},"end":{"line":19,"column":9}},{"start":{},"end":{}}],"line":17},"2":{"loc":{"start":{"line":21,"column":38},"end":{"line":21,"column":57}},"type":"binary-expr","locations":[{"start":{"line":21,"column":38},"end":{"line":21,"column":49}},{"start":{"line":21,"column":53},"end":{"line":21,"column":57}}],"line":21}},"s":{"0":1,"1":3,"2":3,"3":1,"4":1},"f":{"0":3,"1":1},"b":{"0":[3,1],"1":[1,0],"2":[3,2]},"_coverageSchema":"1a1c01bbd47fc00a2c39e90264f33305004495a9","hash":"ab229e11a339d99f2e70bf008e74be2f1dc0bb72"}
,"/Users/v0s0316/ReactNativeProjects/Others/WordPuzzle/src/components/Box/styles.ts": {"path":"/Users/v0s0316/ReactNativeProjects/Others/WordPuzzle/src/components/Box/styles.ts","statementMap":{"0":{"start":{"line":4,"column":15},"end":{"line":19,"column":2}}},"fnMap":{},"branchMap":{},"s":{"0":1},"f":{},"b":{},"_coverageSchema":"1a1c01bbd47fc00a2c39e90264f33305004495a9","hash":"c7557d1502c55dc9ca87c9fa12dbd116ef8af5d1"}
,"/Users/v0s0316/ReactNativeProjects/Others/WordPuzzle/src/components/Button/index.tsx": {"path":"/Users/v0s0316/ReactNativeProjects/Others/WordPuzzle/src/components/Button/index.tsx","statementMap":{"0":{"start":{"line":12,"column":15},"end":{"line":32,"column":1}},"1":{"start":{"line":19,"column":23},"end":{"line":19,"column":46}},"2":{"start":{"line":20,"column":2},"end":{"line":31,"column":4}}},"fnMap":{"0":{"name":"(anonymous_0)","decl":{"start":{"line":12,"column":15},"end":{"line":12,"column":16}},"loc":{"start":{"line":18,"column":19},"end":{"line":32,"column":1}},"line":18}},"branchMap":{"0":{"loc":{"start":{"line":24,"column":26},"end":{"line":24,"column":57}},"type":"binary-expr","locations":[{"start":{"line":24,"column":26},"end":{"line":24,"column":41}},{"start":{"line":24,"column":45},"end":{"line":24,"column":57}}],"line":24}},"s":{"0":5,"1":16,"2":16},"f":{"0":16},"b":{"0":[16,13]},"_coverageSchema":"1a1c01bbd47fc00a2c39e90264f33305004495a9","hash":"7687e1f5bb48e4d89f2a66185430d734f87939a4"}
,"/Users/v0s0316/ReactNativeProjects/Others/WordPuzzle/src/components/CategoryItem/index.tsx": {"path":"/Users/v0s0316/ReactNativeProjects/Others/WordPuzzle/src/components/CategoryItem/index.tsx","statementMap":{"0":{"start":{"line":14,"column":21},"end":{"line":39,"column":1}},"1":{"start":{"line":19,"column":47},"end":{"line":19,"column":55}},"2":{"start":{"line":20,"column":34},"end":{"line":20,"column":57}},"3":{"start":{"line":22,"column":27},"end":{"line":24,"column":3}},"4":{"start":{"line":23,"column":4},"end":{"line":23,"column":38}},"5":{"start":{"line":26,"column":2},"end":{"line":38,"column":4}}},"fnMap":{"0":{"name":"(anonymous_0)","decl":{"start":{"line":14,"column":21},"end":{"line":14,"column":22}},"loc":{"start":{"line":18,"column":25},"end":{"line":39,"column":1}},"line":18},"1":{"name":"(anonymous_1)","decl":{"start":{"line":22,"column":27},"end":{"line":22,"column":28}},"loc":{"start":{"line":22,"column":33},"end":{"line":24,"column":3}},"line":22}},"branchMap":{"0":{"loc":{"start":{"line":33,"column":8},"end":{"line":35,"column":37}},"type":"cond-expr","locations":[{"start":{"line":34,"column":12},"end":{"line":34,"column":35}},{"start":{"line":35,"column":12},"end":{"line":35,"column":37}}],"line":33}},"s":{"0":2,"1":3,"2":3,"3":3,"4":1,"5":3},"f":{"0":3,"1":1},"b":{"0":[1,2]},"_coverageSchema":"1a1c01bbd47fc00a2c39e90264f33305004495a9","hash":"3688afb635f20701c946c1dfa5c7fca5a4bec81b"}
,"/Users/v0s0316/ReactNativeProjects/Others/WordPuzzle/src/components/CategoryItem/styles.tsx": {"path":"/Users/v0s0316/ReactNativeProjects/Others/WordPuzzle/src/components/CategoryItem/styles.tsx","statementMap":{"0":{"start":{"line":5,"column":15},"end":{"line":16,"column":2}}},"fnMap":{},"branchMap":{},"s":{"0":2},"f":{},"b":{},"_coverageSchema":"1a1c01bbd47fc00a2c39e90264f33305004495a9","hash":"37932e70276b71ffd9fddeaee11313f7ab3250e3"}
,"/Users/v0s0316/ReactNativeProjects/Others/WordPuzzle/src/components/ErrorBoundary/index.tsx": {"path":"/Users/v0s0316/ReactNativeProjects/Others/WordPuzzle/src/components/ErrorBoundary/index.tsx","statementMap":{"0":{"start":{"line":17,"column":24},"end":{"line":19,"column":3}},"1":{"start":{"line":22,"column":4},"end":{"line":22,"column":28}},"2":{"start":{"line":27,"column":4},"end":{"line":31,"column":6}},"3":{"start":{"line":34,"column":12},"end":{"line":37,"column":3}},"4":{"start":{"line":36,"column":4},"end":{"line":36,"column":13}},"5":{"start":{"line":40,"column":23},"end":{"line":40,"column":33}},"6":{"start":{"line":41,"column":4},"end":{"line":48,"column":5}},"7":{"start":{"line":42,"column":6},"end":{"line":47,"column":8}},"8":{"start":{"line":50,"column":4},"end":{"line":50,"column":31}}},"fnMap":{"0":{"name":"(anonymous_0)","decl":{"start":{"line":21,"column":2},"end":{"line":21,"column":3}},"loc":{"start":{"line":21,"column":58},"end":{"line":23,"column":3}},"line":21},"1":{"name":"(anonymous_1)","decl":{"start":{"line":25,"column":2},"end":{"line":25,"column":3}},"loc":{"start":{"line":25,"column":63},"end":{"line":32,"column":3}},"line":25},"2":{"name":"(anonymous_2)","decl":{"start":{"line":34,"column":12},"end":{"line":34,"column":13}},"loc":{"start":{"line":34,"column":18},"end":{"line":37,"column":3}},"line":34},"3":{"name":"(anonymous_3)","decl":{"start":{"line":39,"column":2},"end":{"line":39,"column":3}},"loc":{"start":{"line":39,"column":18},"end":{"line":51,"column":3}},"line":39}},"branchMap":{"0":{"loc":{"start":{"line":41,"column":4},"end":{"line":48,"column":5}},"type":"if","locations":[{"start":{"line":41,"column":4},"end":{"line":48,"column":5}},{"start":{},"end":{}}],"line":41}},"s":{"0":2,"1":1,"2":1,"3":2,"4":0,"5":3,"6":3,"7":1,"8":2},"f":{"0":1,"1":1,"2":0,"3":3},"b":{"0":[1,2]},"_coverageSchema":"1a1c01bbd47fc00a2c39e90264f33305004495a9","hash":"65ae9226789da554e2c63cd3740d7233c79a842e"}
,"/Users/v0s0316/ReactNativeProjects/Others/WordPuzzle/src/components/ErrorBoundary/styles.ts": {"path":"/Users/v0s0316/ReactNativeProjects/Others/WordPuzzle/src/components/ErrorBoundary/styles.ts","statementMap":{"0":{"start":{"line":4,"column":15},"end":{"line":15,"column":2}}},"fnMap":{},"branchMap":{},"s":{"0":1},"f":{},"b":{},"_coverageSchema":"1a1c01bbd47fc00a2c39e90264f33305004495a9","hash":"b0512f7b84fe7d2bb8e231e9d33c3e5016d9f8e4"}
,"/Users/v0s0316/ReactNativeProjects/Others/WordPuzzle/src/components/Label/index.tsx": {"path":"/Users/v0s0316/ReactNativeProjects/Others/WordPuzzle/src/components/Label/index.tsx","statementMap":{"0":{"start":{"line":13,"column":14},"end":{"line":26,"column":1}},"1":{"start":{"line":14,"column":23},"end":{"line":14,"column":45}},"2":{"start":{"line":15,"column":2},"end":{"line":25,"column":4}}},"fnMap":{"0":{"name":"(anonymous_0)","decl":{"start":{"line":13,"column":14},"end":{"line":13,"column":15}},"loc":{"start":{"line":13,"column":78},"end":{"line":26,"column":1}},"line":13}},"branchMap":{"0":{"loc":{"start":{"line":19,"column":26},"end":{"line":19,"column":57}},"type":"binary-expr","locations":[{"start":{"line":19,"column":26},"end":{"line":19,"column":41}},{"start":{"line":19,"column":45},"end":{"line":19,"column":57}}],"line":19}},"s":{"0":2,"1":5,"2":5},"f":{"0":5},"b":{"0":[5,5]},"_coverageSchema":"1a1c01bbd47fc00a2c39e90264f33305004495a9","hash":"25e5330fdc659a050f4e07cb3db486fde266b181"}
,"/Users/v0s0316/ReactNativeProjects/Others/WordPuzzle/src/components/Loader/index.tsx": {"path":"/Users/v0s0316/ReactNativeProjects/Others/WordPuzzle/src/components/Loader/index.tsx","statementMap":{"0":{"start":{"line":5,"column":15},"end":{"line":15,"column":1}},"1":{"start":{"line":6,"column":2},"end":{"line":14,"column":4}}},"fnMap":{"0":{"name":"(anonymous_0)","decl":{"start":{"line":5,"column":15},"end":{"line":5,"column":16}},"loc":{"start":{"line":5,"column":38},"end":{"line":15,"column":1}},"line":5}},"branchMap":{"0":{"loc":{"start":{"line":5,"column":17},"end":{"line":5,"column":32}},"type":"default-arg","locations":[{"start":{"line":5,"column":27},"end":{"line":5,"column":32}}],"line":5},"1":{"loc":{"start":{"line":8,"column":7},"end":{"line":12,"column":7}},"type":"binary-expr","locations":[{"start":{"line":8,"column":7},"end":{"line":8,"column":14}},{"start":{"line":9,"column":8},"end":{"line":11,"column":15}}],"line":8}},"s":{"0":2,"1":6},"f":{"0":6},"b":{"0":[1],"1":[6,1]},"_coverageSchema":"1a1c01bbd47fc00a2c39e90264f33305004495a9","hash":"fa362538b16cae9d56b4d8d6a5a130605f1d2344"}
,"/Users/v0s0316/ReactNativeProjects/Others/WordPuzzle/src/components/Loader/styles.ts": {"path":"/Users/v0s0316/ReactNativeProjects/Others/WordPuzzle/src/components/Loader/styles.ts","statementMap":{"0":{"start":{"line":4,"column":15},"end":{"line":15,"column":2}}},"fnMap":{},"branchMap":{},"s":{"0":2},"f":{},"b":{},"_coverageSchema":"1a1c01bbd47fc00a2c39e90264f33305004495a9","hash":"a1ba4642c82ab2bffd2bc5af3d464b60c1036c39"}
,"/Users/v0s0316/ReactNativeProjects/Others/WordPuzzle/src/components/Screen/index.tsx": {"path":"/Users/v0s0316/ReactNativeProjects/Others/WordPuzzle/src/components/Screen/index.tsx","statementMap":{"0":{"start":{"line":7,"column":27},"end":{"line":15,"column":1}},"1":{"start":{"line":8,"column":2},"end":{"line":14,"column":4}}},"fnMap":{"0":{"name":"(anonymous_0)","decl":{"start":{"line":7,"column":27},"end":{"line":7,"column":28}},"loc":{"start":{"line":7,"column":36},"end":{"line":15,"column":1}},"line":7}},"branchMap":{},"s":{"0":1,"1":1},"f":{"0":1},"b":{},"_coverageSchema":"1a1c01bbd47fc00a2c39e90264f33305004495a9","hash":"c5b49d0134cbb6de85bef6d8b2a937cf15e7989f"}
,"/Users/v0s0316/ReactNativeProjects/Others/WordPuzzle/src/components/Screen/styles.ts": {"path":"/Users/v0s0316/ReactNativeProjects/Others/WordPuzzle/src/components/Screen/styles.ts","statementMap":{"0":{"start":{"line":4,"column":15},"end":{"line":9,"column":2}}},"fnMap":{},"branchMap":{},"s":{"0":1},"f":{},"b":{},"_coverageSchema":"1a1c01bbd47fc00a2c39e90264f33305004495a9","hash":"441ef6c9508be2755c4d184d14517fe98c1b36cc"}
,"/Users/v0s0316/ReactNativeProjects/Others/WordPuzzle/src/config/settings.ts": {"path":"/Users/v0s0316/ReactNativeProjects/Others/WordPuzzle/src/config/settings.ts","statementMap":{"0":{"start":{"line":1,"column":17},"end":{"line":8,"column":1}},"1":{"start":{"line":10,"column":27},"end":{"line":12,"column":1}},"2":{"start":{"line":11,"column":2},"end":{"line":11,"column":51}}},"fnMap":{"0":{"name":"(anonymous_0)","decl":{"start":{"line":10,"column":27},"end":{"line":10,"column":28}},"loc":{"start":{"line":10,"column":33},"end":{"line":12,"column":1}},"line":10}},"branchMap":{"0":{"loc":{"start":{"line":11,"column":9},"end":{"line":11,"column":50}},"type":"cond-expr","locations":[{"start":{"line":11,"column":19},"end":{"line":11,"column":31}},{"start":{"line":11,"column":34},"end":{"line":11,"column":50}}],"line":11}},"s":{"0":1,"1":1,"2":1},"f":{"0":1},"b":{"0":[1,0]},"_coverageSchema":"1a1c01bbd47fc00a2c39e90264f33305004495a9","hash":"7bddd0972af1a41d7f6cbb80594ef9c46e87021b"}
,"/Users/v0s0316/ReactNativeProjects/Others/WordPuzzle/src/contexts/theme.tsx": {"path":"/Users/v0s0316/ReactNativeProjects/Others/WordPuzzle/src/contexts/theme.tsx","statementMap":{"0":{"start":{"line":16,"column":21},"end":{"line":19,"column":2}},"1":{"start":{"line":25,"column":22},"end":{"line":39,"column":1}},"2":{"start":{"line":26,"column":28},"end":{"line":26,"column":52}},"3":{"start":{"line":28,"column":16},"end":{"line":34,"column":3}},"4":{"start":{"line":29,"column":11},"end":{"line":32,"column":5}},"5":{"start":{"line":36,"column":2},"end":{"line":38,"column":4}},"6":{"start":{"line":41,"column":18},"end":{"line":46,"column":1}},"7":{"start":{"line":42,"column":2},"end":{"line":45,"column":4}},"8":{"start":{"line":43,"column":30},"end":{"line":43,"column":54}},"9":{"start":{"line":44,"column":4},"end":{"line":44,"column":70}}},"fnMap":{"0":{"name":"(anonymous_0)","decl":{"start":{"line":18,"column":12},"end":{"line":18,"column":13}},"loc":{"start":{"line":18,"column":18},"end":{"line":18,"column":20}},"line":18},"1":{"name":"(anonymous_1)","decl":{"start":{"line":25,"column":22},"end":{"line":25,"column":23}},"loc":{"start":{"line":25,"column":45},"end":{"line":39,"column":1}},"line":25},"2":{"name":"(anonymous_2)","decl":{"start":{"line":29,"column":4},"end":{"line":29,"column":5}},"loc":{"start":{"line":29,"column":11},"end":{"line":32,"column":5}},"line":29},"3":{"name":"(anonymous_3)","decl":{"start":{"line":41,"column":18},"end":{"line":41,"column":19}},"loc":{"start":{"line":41,"column":38},"end":{"line":46,"column":1}},"line":41},"4":{"name":"(anonymous_4)","decl":{"start":{"line":42,"column":9},"end":{"line":42,"column":10}},"loc":{"start":{"line":42,"column":25},"end":{"line":45,"column":3}},"line":42}},"branchMap":{},"s":{"0":8,"1":8,"2":1,"3":1,"4":1,"5":1,"6":8,"7":0,"8":0,"9":0},"f":{"0":0,"1":1,"2":1,"3":0,"4":0},"b":{},"_coverageSchema":"1a1c01bbd47fc00a2c39e90264f33305004495a9","hash":"1dc4db19d95b720793f66e20e00996858fe606f1"}
,"/Users/v0s0316/ReactNativeProjects/Others/WordPuzzle/src/hooks/useApi.ts": {"path":"/Users/v0s0316/ReactNativeProjects/Others/WordPuzzle/src/hooks/useApi.ts","statementMap":{"0":{"start":{"line":3,"column":15},"end":{"line":26,"column":1}},"1":{"start":{"line":4,"column":26},"end":{"line":4,"column":38}},"2":{"start":{"line":5,"column":28},"end":{"line":5,"column":43}},"3":{"start":{"line":6,"column":32},"end":{"line":6,"column":47}},"4":{"start":{"line":8,"column":18},"end":{"line":23,"column":3}},"5":{"start":{"line":9,"column":4},"end":{"line":22,"column":5}},"6":{"start":{"line":10,"column":6},"end":{"line":10,"column":18}},"7":{"start":{"line":11,"column":6},"end":{"line":11,"column":22}},"8":{"start":{"line":12,"column":6},"end":{"line":12,"column":23}},"9":{"start":{"line":13,"column":23},"end":{"line":13,"column":45}},"10":{"start":{"line":14,"column":27},"end":{"line":14,"column":48}},"11":{"start":{"line":15,"column":6},"end":{"line":15,"column":29}},"12":{"start":{"line":16,"column":6},"end":{"line":16,"column":28}},"13":{"start":{"line":17,"column":6},"end":{"line":17,"column":26}},"14":{"start":{"line":19,"column":6},"end":{"line":19,"column":21}},"15":{"start":{"line":21,"column":6},"end":{"line":21,"column":24}},"16":{"start":{"line":25,"column":2},"end":{"line":25,"column":41}}},"fnMap":{"0":{"name":"(anonymous_0)","decl":{"start":{"line":3,"column":15},"end":{"line":3,"column":16}},"loc":{"start":{"line":3,"column":33},"end":{"line":26,"column":1}},"line":3},"1":{"name":"(anonymous_1)","decl":{"start":{"line":8,"column":18},"end":{"line":8,"column":19}},"loc":{"start":{"line":8,"column":44},"end":{"line":23,"column":3}},"line":8}},"branchMap":{},"s":{"0":1,"1":4,"2":4,"3":4,"4":4,"5":2,"6":2,"7":2,"8":2,"9":2,"10":0,"11":0,"12":0,"13":0,"14":2,"15":2,"16":4},"f":{"0":4,"1":2},"b":{},"_coverageSchema":"1a1c01bbd47fc00a2c39e90264f33305004495a9","hash":"b210a991314570c52e64c2ad4932450f67759e48"}
,"/Users/v0s0316/ReactNativeProjects/Others/WordPuzzle/src/hooks/useTheme.ts": {"path":"/Users/v0s0316/ReactNativeProjects/Others/WordPuzzle/src/hooks/useTheme.ts","statementMap":{"0":{"start":{"line":5,"column":17},"end":{"line":8,"column":1}},"1":{"start":{"line":6,"column":18},"end":{"line":6,"column":42}},"2":{"start":{"line":7,"column":2},"end":{"line":7,"column":23}},"3":{"start":{"line":10,"column":22},"end":{"line":14,"column":1}},"4":{"start":{"line":13,"column":2},"end":{"line":13,"column":31}}},"fnMap":{"0":{"name":"(anonymous_0)","decl":{"start":{"line":5,"column":17},"end":{"line":5,"column":18}},"loc":{"start":{"line":5,"column":23},"end":{"line":8,"column":1}},"line":5},"1":{"name":"(anonymous_1)","decl":{"start":{"line":10,"column":22},"end":{"line":10,"column":23}},"loc":{"start":{"line":12,"column":5},"end":{"line":14,"column":1}},"line":12}},"branchMap":{},"s":{"0":8,"1":53,"2":53,"3":8,"4":53},"f":{"0":53,"1":53},"b":{},"_coverageSchema":"1a1c01bbd47fc00a2c39e90264f33305004495a9","hash":"9b672c44acac8794b22a951f52cddb6421f3fc2d"}
,"/Users/v0s0316/ReactNativeProjects/Others/WordPuzzle/src/navigation/routes.ts": {"path":"/Users/v0s0316/ReactNativeProjects/Others/WordPuzzle/src/navigation/routes.ts","statementMap":{},"fnMap":{},"branchMap":{},"s":{},"f":{},"b":{},"_coverageSchema":"1a1c01bbd47fc00a2c39e90264f33305004495a9","hash":"fbe18169606e6658909dcf3e4617e76b5953442b"}
,"/Users/v0s0316/ReactNativeProjects/Others/WordPuzzle/src/styles/colors.ts": {"path":"/Users/v0s0316/ReactNativeProjects/Others/WordPuzzle/src/styles/colors.ts","statementMap":{},"fnMap":{},"branchMap":{},"s":{},"f":{},"b":{},"_coverageSchema":"1a1c01bbd47fc00a2c39e90264f33305004495a9","hash":"301098fa20aeb569fd7b667fb9954556c3275e93"}
,"/Users/v0s0316/ReactNativeProjects/Others/WordPuzzle/src/styles/defaultStyles.ts": {"path":"/Users/v0s0316/ReactNativeProjects/Others/WordPuzzle/src/styles/defaultStyles.ts","statementMap":{},"fnMap":{},"branchMap":{},"s":{},"f":{},"b":{},"_coverageSchema":"1a1c01bbd47fc00a2c39e90264f33305004495a9","hash":"ad2aee6c7a3781995cec10b6e7cd4e403d76615e"}
,"/Users/v0s0316/ReactNativeProjects/Others/WordPuzzle/src/styles/fonts.ts": {"path":"/Users/v0s0316/ReactNativeProjects/Others/WordPuzzle/src/styles/fonts.ts","statementMap":{"0":{"start":{"line":1,"column":19},"end":{"line":6,"column":1}},"1":{"start":{"line":8,"column":18},"end":{"line":23,"column":1}}},"fnMap":{},"branchMap":{},"s":{"0":8,"1":8},"f":{},"b":{},"_coverageSchema":"1a1c01bbd47fc00a2c39e90264f33305004495a9","hash":"c7d4c333a37042313ed1db0f9a3aa035d9ac5348"}
,"/Users/v0s0316/ReactNativeProjects/Others/WordPuzzle/src/utils/alertUtils.ts": {"path":"/Users/v0s0316/ReactNativeProjects/Others/WordPuzzle/src/utils/alertUtils.ts","statementMap":{"0":{"start":{"line":17,"column":25},"end":{"line":42,"column":1}},"1":{"start":{"line":29,"column":24},"end":{"line":31,"column":3}},"2":{"start":{"line":32,"column":2},"end":{"line":38,"column":3}},"3":{"start":{"line":33,"column":4},"end":{"line":37,"column":7}},"4":{"start":{"line":39,"column":2},"end":{"line":41,"column":5}}},"fnMap":{"0":{"name":"(anonymous_0)","decl":{"start":{"line":17,"column":25},"end":{"line":17,"column":26}},"loc":{"start":{"line":28,"column":21},"end":{"line":42,"column":1}},"line":28}},"branchMap":{"0":{"loc":{"start":{"line":20,"column":2},"end":{"line":20,"column":21}},"type":"default-arg","locations":[{"start":{"line":20,"column":17},"end":{"line":20,"column":21}}],"line":20},"1":{"loc":{"start":{"line":21,"column":2},"end":{"line":21,"column":31}},"type":"default-arg","locations":[{"start":{"line":21,"column":17},"end":{"line":21,"column":31}}],"line":21},"2":{"loc":{"start":{"line":22,"column":2},"end":{"line":22,"column":35}},"type":"default-arg","locations":[{"start":{"line":22,"column":17},"end":{"line":22,"column":35}}],"line":22},"3":{"loc":{"start":{"line":23,"column":2},"end":{"line":23,"column":20}},"type":"default-arg","locations":[{"start":{"line":23,"column":15},"end":{"line":23,"column":20}}],"line":23},"4":{"loc":{"start":{"line":32,"column":2},"end":{"line":38,"column":3}},"type":"if","locations":[{"start":{"line":32,"column":2},"end":{"line":38,"column":3}},{"start":{},"end":{}}],"line":32}},"s":{"0":2,"1":2,"2":2,"3":1,"4":2},"f":{"0":2},"b":{"0":[1],"1":[2],"2":[1],"3":[2],"4":[1,1]},"_coverageSchema":"1a1c01bbd47fc00a2c39e90264f33305004495a9","hash":"8ddb37d907f6791a89bf99beda2743714da4f6ff"}
,"/Users/v0s0316/ReactNativeProjects/Others/WordPuzzle/src/utils/constants.ts": {"path":"/Users/v0s0316/ReactNativeProjects/Others/WordPuzzle/src/utils/constants.ts","statementMap":{"0":{"start":{"line":2,"column":28},"end":{"line":2,"column":42}},"1":{"start":{"line":3,"column":29},"end":{"line":3,"column":64}},"2":{"start":{"line":4,"column":21},"end":{"line":4,"column":28}},"3":{"start":{"line":5,"column":29},"end":{"line":5,"column":44}},"4":{"start":{"line":6,"column":25},"end":{"line":6,"column":55}},"5":{"start":{"line":9,"column":26},"end":{"line":9,"column":46}},"6":{"start":{"line":10,"column":28},"end":{"line":10,"column":57}},"7":{"start":{"line":11,"column":25},"end":{"line":11,"column":35}},"8":{"start":{"line":12,"column":22},"end":{"line":12,"column":30}},"9":{"start":{"line":13,"column":29},"end":{"line":13,"column":43}},"10":{"start":{"line":14,"column":27},"end":{"line":14,"column":48}},"11":{"start":{"line":15,"column":21},"end":{"line":15,"column":28}},"12":{"start":{"line":18,"column":21},"end":{"line":18,"column":29}},"13":{"start":{"line":19,"column":21},"end":{"line":19,"column":28}},"14":{"start":{"line":20,"column":30},"end":{"line":20,"column":34}},"15":{"start":{"line":21,"column":34},"end":{"line":21,"column":42}},"16":{"start":{"line":22,"column":20},"end":{"line":22,"column":26}},"17":{"start":{"line":23,"column":20},"end":{"line":23,"column":26}},"18":{"start":{"line":24,"column":33},"end":{"line":24,"column":53}},"19":{"start":{"line":25,"column":32},"end":{"line":25,"column":46}},"20":{"start":{"line":26,"column":36},"end":{"line":26,"column":59}},"21":{"start":{"line":27,"column":20},"end":{"line":27,"column":26}}},"fnMap":{},"branchMap":{},"s":{"0":8,"1":8,"2":8,"3":8,"4":8,"5":8,"6":8,"7":8,"8":8,"9":8,"10":8,"11":8,"12":8,"13":8,"14":8,"15":8,"16":8,"17":8,"18":8,"19":8,"20":8,"21":8},"f":{},"b":{},"_coverageSchema":"1a1c01bbd47fc00a2c39e90264f33305004495a9","hash":"818fa6b90abb0e94877c7a2ed48d41aba0d17811"}
,"/Users/v0s0316/ReactNativeProjects/Others/WordPuzzle/src/views/Home/index.tsx": {"path":"/Users/v0s0316/ReactNativeProjects/Others/WordPuzzle/src/views/Home/index.tsx","statementMap":{"0":{"start":{"line":25,"column":46},"end":{"line":91,"column":1}},"1":{"start":{"line":26,"column":54},"end":{"line":26,"column":74}},"2":{"start":{"line":27,"column":27},"end":{"line":27,"column":48}},"3":{"start":{"line":29,"column":2},"end":{"line":32,"column":9}},"4":{"start":{"line":30,"column":4},"end":{"line":30,"column":31}},"5":{"start":{"line":34,"column":22},"end":{"line":45,"column":3}},"6":{"start":{"line":35,"column":4},"end":{"line":41,"column":5}},"7":{"start":{"line":36,"column":6},"end":{"line":39,"column":9}},"8":{"start":{"line":40,"column":6},"end":{"line":40,"column":13}},"9":{"start":{"line":42,"column":4},"end":{"line":44,"column":7}},"10":{"start":{"line":47,"column":25},"end":{"line":47,"column":72}},"11":{"start":{"line":47,"column":31},"end":{"line":47,"column":72}},"12":{"start":{"line":49,"column":21},"end":{"line":58,"column":3}},"13":{"start":{"line":51,"column":6},"end":{"line":55,"column":8}},"14":{"start":{"line":60,"column":23},"end":{"line":60,"column":76}},"15":{"start":{"line":60,"column":60},"end":{"line":60,"column":71}},"16":{"start":{"line":62,"column":2},"end":{"line":90,"column":4}}},"fnMap":{"0":{"name":"(anonymous_0)","decl":{"start":{"line":25,"column":46},"end":{"line":25,"column":47}},"loc":{"start":{"line":25,"column":64},"end":{"line":91,"column":1}},"line":25},"1":{"name":"(anonymous_1)","decl":{"start":{"line":29,"column":12},"end":{"line":29,"column":13}},"loc":{"start":{"line":29,"column":18},"end":{"line":32,"column":3}},"line":29},"2":{"name":"(anonymous_2)","decl":{"start":{"line":34,"column":22},"end":{"line":34,"column":23}},"loc":{"start":{"line":34,"column":28},"end":{"line":45,"column":3}},"line":34},"3":{"name":"(anonymous_3)","decl":{"start":{"line":47,"column":25},"end":{"line":47,"column":26}},"loc":{"start":{"line":47,"column":31},"end":{"line":47,"column":72}},"line":47},"4":{"name":"(anonymous_4)","decl":{"start":{"line":50,"column":4},"end":{"line":50,"column":5}},"loc":{"start":{"line":51,"column":6},"end":{"line":55,"column":8}},"line":51},"5":{"name":"(anonymous_5)","decl":{"start":{"line":60,"column":35},"end":{"line":60,"column":36}},"loc":{"start":{"line":60,"column":60},"end":{"line":60,"column":71}},"line":60}},"branchMap":{"0":{"loc":{"start":{"line":35,"column":4},"end":{"line":41,"column":5}},"type":"if","locations":[{"start":{"line":35,"column":4},"end":{"line":41,"column":5}},{"start":{},"end":{}}],"line":35},"1":{"loc":{"start":{"line":68,"column":11},"end":{"line":73,"column":11}},"type":"binary-expr","locations":[{"start":{"line":68,"column":11},"end":{"line":68,"column":33}},{"start":{"line":69,"column":12},"end":{"line":72,"column":15}}],"line":68}},"s":{"0":1,"1":4,"2":4,"3":4,"4":2,"5":4,"6":0,"7":0,"8":0,"9":0,"10":4,"11":1,"12":4,"13":0,"14":4,"15":0,"16":4},"f":{"0":4,"1":2,"2":0,"3":1,"4":0,"5":0},"b":{"0":[0,0],"1":[4,2]},"_coverageSchema":"1a1c01bbd47fc00a2c39e90264f33305004495a9","hash":"315d4f963b61c0c35e3635b37e3d7ee56698afd3"}
,"/Users/v0s0316/ReactNativeProjects/Others/WordPuzzle/src/views/Home/styles.ts": {"path":"/Users/v0s0316/ReactNativeProjects/Others/WordPuzzle/src/views/Home/styles.ts","statementMap":{"0":{"start":{"line":4,"column":15},"end":{"line":39,"column":2}}},"fnMap":{},"branchMap":{},"s":{"0":1},"f":{},"b":{},"_coverageSchema":"1a1c01bbd47fc00a2c39e90264f33305004495a9","hash":"0803057fa2cdad0aecf6f006c88716d803d9af9a"}
}
