TN:
SF:src/api/categoriesApi.ts
FN:3,(anonymous_0)
FNF:1
FNH:1
FNDA:2,(anonymous_0)
DA:3,2
LF:1
LH:1
BRF:0
BRH:0
end_of_record
TN:
SF:src/components/AppText/index.tsx
FN:10,(anonymous_0)
FNF:1
FNH:1
FNDA:29,(anonymous_0)
DA:10,8
DA:11,29
DA:12,29
LF:3
LH:3
BRDA:14,0,0,29
BRDA:14,0,1,29
BRF:2
BRH:2
end_of_record
TN:
SF:src/components/Box/index.tsx
FN:10,(anonymous_0)
FN:16,(anonymous_1)
FNF:2
FNH:2
FNDA:3,(anonymous_0)
FNDA:1,(anonymous_1)
DA:10,1
DA:11,3
DA:12,3
DA:17,1
DA:18,1
LF:5
LH:5
BRDA:15,0,0,3
BRDA:15,0,1,1
BRDA:17,1,0,1
BRDA:17,1,1,0
BRDA:21,2,0,3
BRDA:21,2,1,2
BRF:6
BRH:5
end_of_record
TN:
SF:src/components/Box/styles.ts
FNF:0
FNH:0
DA:4,1
LF:1
LH:1
BRF:0
BRH:0
end_of_record
TN:
SF:src/components/Button/index.tsx
FN:12,(anonymous_0)
FNF:1
FNH:1
FNDA:16,(anonymous_0)
DA:12,5
DA:19,16
DA:20,16
LF:3
LH:3
BRDA:24,0,0,16
BRDA:24,0,1,13
BRF:2
BRH:2
end_of_record
TN:
SF:src/components/CategoryItem/index.tsx
FN:14,(anonymous_0)
FN:22,(anonymous_1)
FNF:2
FNH:2
FNDA:3,(anonymous_0)
FNDA:1,(anonymous_1)
DA:14,2
DA:19,3
DA:20,3
DA:22,3
DA:23,1
DA:26,3
LF:6
LH:6
BRDA:33,0,0,1
BRDA:33,0,1,2
BRF:2
BRH:2
end_of_record
TN:
SF:src/components/CategoryItem/styles.tsx
FNF:0
FNH:0
DA:5,2
LF:1
LH:1
BRF:0
BRH:0
end_of_record
TN:
SF:src/components/ErrorBoundary/index.tsx
FN:21,(anonymous_0)
FN:25,(anonymous_1)
FN:34,(anonymous_2)
FN:39,(anonymous_3)
FNF:4
FNH:3
FNDA:1,(anonymous_0)
FNDA:1,(anonymous_1)
FNDA:0,(anonymous_2)
FNDA:3,(anonymous_3)
DA:17,2
DA:22,1
DA:27,1
DA:34,2
DA:36,0
DA:40,3
DA:41,3
DA:42,1
DA:50,2
LF:9
LH:8
BRDA:41,0,0,1
BRDA:41,0,1,2
BRF:2
BRH:2
end_of_record
TN:
SF:src/components/ErrorBoundary/styles.ts
FNF:0
FNH:0
DA:4,1
LF:1
LH:1
BRF:0
BRH:0
end_of_record
TN:
SF:src/components/Label/index.tsx
FN:13,(anonymous_0)
FNF:1
FNH:1
FNDA:5,(anonymous_0)
DA:13,2
DA:14,5
DA:15,5
LF:3
LH:3
BRDA:19,0,0,5
BRDA:19,0,1,5
BRF:2
BRH:2
end_of_record
TN:
SF:src/components/Loader/index.tsx
FN:5,(anonymous_0)
FNF:1
FNH:1
FNDA:6,(anonymous_0)
DA:5,2
DA:6,6
LF:2
LH:2
BRDA:5,0,0,1
BRDA:8,1,0,6
BRDA:8,1,1,1
BRF:3
BRH:3
end_of_record
TN:
SF:src/components/Loader/styles.ts
FNF:0
FNH:0
DA:4,2
LF:1
LH:1
BRF:0
BRH:0
end_of_record
TN:
SF:src/components/Screen/index.tsx
FN:7,(anonymous_0)
FNF:1
FNH:1
FNDA:1,(anonymous_0)
DA:7,1
DA:8,1
LF:2
LH:2
BRF:0
BRH:0
end_of_record
TN:
SF:src/components/Screen/styles.ts
FNF:0
FNH:0
DA:4,1
LF:1
LH:1
BRF:0
BRH:0
end_of_record
TN:
SF:src/config/settings.ts
FN:10,(anonymous_0)
FNF:1
FNH:1
FNDA:1,(anonymous_0)
DA:1,1
DA:10,1
DA:11,1
LF:3
LH:3
BRDA:11,0,0,1
BRDA:11,0,1,0
BRF:2
BRH:1
end_of_record
TN:
SF:src/contexts/theme.tsx
FN:18,(anonymous_0)
FN:25,(anonymous_1)
FN:29,(anonymous_2)
FN:41,(anonymous_3)
FN:42,(anonymous_4)
FNF:5
FNH:2
FNDA:0,(anonymous_0)
FNDA:1,(anonymous_1)
FNDA:1,(anonymous_2)
FNDA:0,(anonymous_3)
FNDA:0,(anonymous_4)
DA:16,8
DA:25,8
DA:26,1
DA:28,1
DA:29,1
DA:36,1
DA:41,8
DA:42,0
DA:43,0
DA:44,0
LF:10
LH:7
BRF:0
BRH:0
end_of_record
TN:
SF:src/hooks/useApi.ts
FN:3,(anonymous_0)
FN:8,(anonymous_1)
FNF:2
FNH:2
FNDA:4,(anonymous_0)
FNDA:2,(anonymous_1)
DA:3,1
DA:4,4
DA:5,4
DA:6,4
DA:8,4
DA:9,2
DA:10,2
DA:11,2
DA:12,2
DA:13,2
DA:14,0
DA:15,0
DA:16,0
DA:17,0
DA:19,2
DA:21,2
DA:25,4
LF:17
LH:13
BRF:0
BRH:0
end_of_record
TN:
SF:src/hooks/useTheme.ts
FN:5,(anonymous_0)
FN:10,(anonymous_1)
FNF:2
FNH:2
FNDA:53,(anonymous_0)
FNDA:53,(anonymous_1)
DA:5,8
DA:6,53
DA:7,53
DA:10,8
DA:13,53
LF:5
LH:5
BRF:0
BRH:0
end_of_record
TN:
SF:src/navigation/routes.ts
FNF:0
FNH:0
LF:0
LH:0
BRF:0
BRH:0
end_of_record
TN:
SF:src/styles/colors.ts
FNF:0
FNH:0
LF:0
LH:0
BRF:0
BRH:0
end_of_record
TN:
SF:src/styles/defaultStyles.ts
FNF:0
FNH:0
LF:0
LH:0
BRF:0
BRH:0
end_of_record
TN:
SF:src/styles/fonts.ts
FNF:0
FNH:0
DA:1,8
DA:8,8
LF:2
LH:2
BRF:0
BRH:0
end_of_record
TN:
SF:src/utils/alertUtils.ts
FN:17,(anonymous_0)
FNF:1
FNH:1
FNDA:2,(anonymous_0)
DA:17,2
DA:29,2
DA:32,2
DA:33,1
DA:39,2
LF:5
LH:5
BRDA:20,0,0,1
BRDA:21,1,0,2
BRDA:22,2,0,1
BRDA:23,3,0,2
BRDA:32,4,0,1
BRDA:32,4,1,1
BRF:6
BRH:6
end_of_record
TN:
SF:src/utils/constants.ts
FNF:0
FNH:0
DA:2,8
DA:3,8
DA:4,8
DA:5,8
DA:6,8
DA:9,8
DA:10,8
DA:11,8
DA:12,8
DA:13,8
DA:14,8
DA:15,8
DA:18,8
DA:19,8
DA:20,8
DA:21,8
DA:22,8
DA:23,8
DA:24,8
DA:25,8
DA:26,8
DA:27,8
LF:22
LH:22
BRF:0
BRH:0
end_of_record
TN:
SF:src/views/Home/index.tsx
FN:25,(anonymous_0)
FN:29,(anonymous_1)
FN:34,(anonymous_2)
FN:47,(anonymous_3)
FN:50,(anonymous_4)
FN:60,(anonymous_5)
FNF:6
FNH:3
FNDA:4,(anonymous_0)
FNDA:2,(anonymous_1)
FNDA:0,(anonymous_2)
FNDA:1,(anonymous_3)
FNDA:0,(anonymous_4)
FNDA:0,(anonymous_5)
DA:25,1
DA:26,4
DA:27,4
DA:29,4
DA:30,2
DA:34,4
DA:35,0
DA:36,0
DA:40,0
DA:42,0
DA:47,4
DA:49,4
DA:51,0
DA:60,4
DA:62,4
LF:15
LH:10
BRDA:35,0,0,0
BRDA:35,0,1,0
BRDA:68,1,0,4
BRDA:68,1,1,2
BRF:4
BRH:2
end_of_record
TN:
SF:src/views/Home/styles.ts
FNF:0
FNH:0
DA:4,1
LF:1
LH:1
BRF:0
BRH:0
end_of_record
